<?xml version="1.0" encoding="UTF-8"?>
<!-- Generated by org.testng.reporters.JUnitReportReporter -->
<testsuite hostname="Puja_Dhotri" failures="0" tests="1" name="tests.LoginTest" time="5.114" errors="0" timestamp="2025-08-10T15:14:34 IST" skipped="0">
  <testcase classname="tests.LoginTest" name="LoginTestP" time="5.114"/>
</testsuite> <!-- tests.LoginTest -->
