<?xml version="1.0" encoding="UTF-8"?>
<!-- Generated by org.testng.reporters.JUnitReportReporter -->
<testsuite hostname="Puja_Dhotri" failures="0" tests="1" name="tests.RegisterTest" time="5.356" errors="0" timestamp="2025-08-10T08:27:56 IST" skipped="0">
  <testcase classname="tests.RegisterTest" name="registerTest" time="5.356"/>
  <system-out/>
</testsuite> <!-- tests.RegisterTest -->
