<?xml version="1.0" encoding="UTF-8"?>
<!-- Generated by org.testng.reporters.JUnitReportReporter -->
<testsuite hostname="DESKTOP-11S2SC4" failures="0" tests="1" name="tests.SampleTest" time="8.229" errors="0" timestamp="2025-07-30T16:24:23 IST" skipped="0">
  <testcase classname="tests.SampleTest" name="loginTest" time="8.229"/>
  <system-out/>
</testsuite> <!-- tests.SampleTest -->
