<?xml version="1.0" encoding="UTF-8"?>
<!-- Generated by org.testng.reporters.JUnitReportReporter -->
<testsuite hostname="Puja_Dhotri" failures="0" tests="1" name="tests.ComponentTest" time="3.049" errors="0" timestamp="2025-08-10T08:27:56 IST" skipped="0">
  <testcase classname="tests.ComponentTest" name="verifyComponents" time="3.049"/>
  <system-out/>
</testsuite> <!-- tests.ComponentTest -->
