<?xml version="1.0" encoding="UTF-8"?>
<!-- Generated by org.testng.reporters.JUnitReportReporter -->
<testsuite hostname="DESKTOP-11S2SC4" failures="0" tests="1" name="tests.ComponentTest" time="7.435" errors="0" timestamp="2025-08-06T17:35:22 IST" skipped="0">
  <testcase classname="tests.ComponentTest" name="verifyComponents" time="7.435"/>
  <system-out/>
</testsuite> <!-- tests.ComponentTest -->
