<?xml version="1.0" encoding="UTF-8"?>
<!-- Generated by org.testng.reporters.JUnitReportReporter -->
<testsuite hostname="DESKTOP-11S2SC4" failures="0" tests="1" name="tests.SampleTest" time="29.799" errors="0" timestamp="2025-08-04T19:38:11 IST" skipped="0">
  <testcase classname="tests.SampleTest" name="LoginTest" time="29.799"/>
  <system-out/>
</testsuite> <!-- tests.SampleTest -->
