<?xml version="1.0" encoding="UTF-8"?>
<!-- Generated by org.testng.reporters.JUnitReportReporter -->
<testsuite hostname="Puja_Dhotri" failures="0" tests="1" name="tests.LoginTest" time="5.799" errors="0" timestamp="2025-08-16T23:23:32 IST" skipped="0">
  <testcase classname="tests.LoginTest" name="LoginTestP" time="5.799"/>
</testsuite> <!-- tests.LoginTest -->
