<?xml version="1.0" encoding="UTF-8"?>
<!-- Generated by org.testng.reporters.JUnitReportReporter -->
<testsuite hostname="Puja_Dhotri" failures="0" tests="1" name="tests.ComponentTest" time="4.115" errors="0" timestamp="2025-08-11T17:11:39 IST" skipped="0">
  <testcase classname="tests.ComponentTest" name="verifyComponents" time="4.115"/>
</testsuite> <!-- tests.ComponentTest -->
